<?xml version="1.0" encoding="UTF-8"?>
<testng-results ignored="0" total="1" passed="1" failed="0" skipped="0">
  <reporter-output>
  </reporter-output>
  <suite started-at="2022-01-28T13:01:44Z" name="Testng Cucumber Suite" finished-at="2022-01-28T13:01:44Z" duration-ms="92">
    <groups>
    </groups>
    <test started-at="2022-01-28T13:01:44Z" name="Chrome test" finished-at="2022-01-28T13:01:44Z" duration-ms="92">
      <class name="circleCIexpo.circleCIexpo.PrintScreenMain">
        <test-method is-config="true" signature="beforeMethod()[pri:0, instance:circleCIexpo.circleCIexpo.PrintScreenMain@4f51b3e0]" started-at="2022-01-28T13:01:44Z" name="beforeMethod" finished-at="2022-01-28T13:01:44Z" duration-ms="19" status="PASS">
          <reporter-output>
          </reporter-output>
        </test-method> <!-- beforeMethod -->
        <test-method signature="navigateToAUrl()[pri:0, instance:circleCIexpo.circleCIexpo.PrintScreenMain@4f51b3e0]" started-at="2022-01-28T13:01:44Z" name="navigateToAUrl" finished-at="2022-01-28T13:01:44Z" duration-ms="4" status="PASS">
          <reporter-output>
          </reporter-output>
        </test-method> <!-- navigateToAUrl -->
        <test-method is-config="true" signature="afterMethod()[pri:0, instance:circleCIexpo.circleCIexpo.PrintScreenMain@4f51b3e0]" started-at="2022-01-28T13:01:44Z" name="afterMethod" finished-at="2022-01-28T13:01:44Z" duration-ms="0" status="PASS">
          <reporter-output>
          </reporter-output>
        </test-method> <!-- afterMethod -->
      </class> <!-- circleCIexpo.circleCIexpo.PrintScreenMain -->
    </test> <!-- Chrome test -->
  </suite> <!-- Testng Cucumber Suite -->
</testng-results>
